TN:
SF:src\EstacaoMeteorologica.js
FN:4,(anonymous_0)
FN:28,(anonymous_1)
FN:49,(anonymous_2)
FN:62,(anonymous_3)
FN:83,(anonymous_4)
FN:100,(anonymous_5)
FN:118,(anonymous_6)
FN:131,(anonymous_7)
FN:136,(anonymous_8)
FN:141,(anonymous_9)
FN:149,(anonymous_10)
FN:170,(anonymous_11)
FN:176,(anonymous_12)
FN:182,(anonymous_13)
FN:204,(anonymous_14)
FN:221,(anonymous_15)
FN:238,(anonymous_16)
FN:259,(anonymous_17)
FN:280,(anonymous_18)
FN:286,(anonymous_19)
FN:296,(anonymous_20)
FN:308,(anonymous_21)
FN:326,(anonymous_22)
FN:347,(anonymous_23)
FNF:24
FNH:24
FNDA:2,(anonymous_0)
FNDA:8,(anonymous_1)
FNDA:3,(anonymous_2)
FNDA:6,(anonymous_3)
FNDA:5,(anonymous_4)
FNDA:3,(anonymous_5)
FNDA:4,(anonymous_6)
FNDA:4,(anonymous_7)
FNDA:8,(anonymous_8)
FNDA:6,(anonymous_9)
FNDA:6,(anonymous_10)
FNDA:2,(anonymous_11)
FNDA:3,(anonymous_12)
FNDA:3,(anonymous_13)
FNDA:4,(anonymous_14)
FNDA:4,(anonymous_15)
FNDA:6,(anonymous_16)
FNDA:5,(anonymous_17)
FNDA:3,(anonymous_18)
FNDA:6,(anonymous_19)
FNDA:2,(anonymous_20)
FNDA:3,(anonymous_21)
FNDA:6,(anonymous_22)
FNDA:2,(anonymous_23)
DA:5,2
DA:13,1
DA:16,1
DA:29,8
DA:30,1
DA:33,7
DA:34,2
DA:37,5
DA:38,1
DA:41,4
DA:42,2
DA:45,2
DA:50,3
DA:51,1
DA:54,2
DA:55,1
DA:58,1
DA:63,6
DA:64,1
DA:67,5
DA:68,1
DA:71,4
DA:72,1
DA:75,3
DA:76,2
DA:79,1
DA:84,5
DA:85,1
DA:88,4
DA:89,1
DA:92,3
DA:93,2
DA:96,1
DA:101,3
DA:102,2
DA:105,1
DA:106,1
DA:109,1
DA:112,1
DA:119,4
DA:120,1
DA:123,3
DA:124,2
DA:127,1
DA:132,4
DA:133,1
DA:136,8
DA:137,1
DA:140,2
DA:141,6
DA:145,2
DA:150,6
DA:151,1
DA:154,5
DA:155,2
DA:158,3
DA:159,1
DA:162,2
DA:163,1
DA:166,1
DA:171,2
DA:172,1
DA:175,1
DA:176,3
DA:183,3
DA:184,1
DA:190,2
DA:191,1
DA:197,1
DA:205,4
DA:206,1
DA:209,3
DA:210,1
DA:213,2
DA:214,1
DA:217,1
DA:222,4
DA:223,1
DA:226,3
DA:227,1
DA:230,2
DA:231,1
DA:234,1
DA:239,6
DA:240,1
DA:243,5
DA:244,1
DA:247,4
DA:248,2
DA:251,2
DA:252,1
DA:255,1
DA:260,5
DA:261,1
DA:264,4
DA:265,1
DA:268,3
DA:269,1
DA:272,2
DA:273,1
DA:276,1
DA:281,3
DA:282,1
DA:285,2
DA:286,6
DA:290,2
DA:297,2
DA:298,1
DA:301,1
DA:309,3
DA:313,3
DA:327,6
DA:328,1
DA:331,5
DA:332,1
DA:335,4
DA:336,1
DA:339,3
DA:340,2
DA:343,1
DA:348,2
DA:349,1
DA:352,1
DA:379,1
LF:124
LH:124
BRDA:5,0,0,1
BRDA:5,0,1,1
BRDA:6,1,0,2
BRDA:6,1,1,2
BRDA:6,1,2,1
BRDA:6,1,3,1
BRDA:6,1,4,1
BRDA:6,1,5,1
BRDA:6,1,6,1
BRDA:6,1,7,1
BRDA:6,1,8,1
BRDA:6,1,9,1
BRDA:29,2,0,1
BRDA:29,2,1,7
BRDA:33,3,0,2
BRDA:33,3,1,5
BRDA:37,4,0,1
BRDA:37,4,1,4
BRDA:37,5,0,5
BRDA:37,5,1,5
BRDA:41,6,0,2
BRDA:41,6,1,2
BRDA:41,7,0,4
BRDA:41,7,1,3
BRDA:50,8,0,1
BRDA:50,8,1,2
BRDA:50,9,0,3
BRDA:50,9,1,1
BRDA:54,10,0,1
BRDA:54,10,1,1
BRDA:54,11,0,2
BRDA:54,11,1,1
BRDA:63,12,0,1
BRDA:63,12,1,5
BRDA:67,13,0,1
BRDA:67,13,1,4
BRDA:71,14,0,1
BRDA:71,14,1,3
BRDA:75,15,0,2
BRDA:75,15,1,1
BRDA:84,16,0,1
BRDA:84,16,1,4
BRDA:88,17,0,1
BRDA:88,17,1,3
BRDA:92,18,0,2
BRDA:92,18,1,1
BRDA:101,19,0,2
BRDA:101,19,1,1
BRDA:101,20,0,3
BRDA:101,20,1,2
BRDA:119,21,0,1
BRDA:119,21,1,3
BRDA:123,22,0,2
BRDA:123,22,1,1
BRDA:132,23,0,1
BRDA:132,23,1,3
BRDA:132,24,0,4
BRDA:132,24,1,4
BRDA:136,25,0,1
BRDA:136,25,1,2
BRDA:150,26,0,1
BRDA:150,26,1,5
BRDA:154,27,0,2
BRDA:154,27,1,3
BRDA:158,28,0,1
BRDA:158,28,1,2
BRDA:162,29,0,1
BRDA:162,29,1,1
BRDA:171,30,0,1
BRDA:171,30,1,1
BRDA:183,31,0,1
BRDA:183,31,1,2
BRDA:190,32,0,1
BRDA:190,32,1,1
BRDA:205,33,0,1
BRDA:205,33,1,3
BRDA:209,34,0,1
BRDA:209,34,1,2
BRDA:213,35,0,1
BRDA:213,35,1,1
BRDA:222,36,0,1
BRDA:222,36,1,3
BRDA:226,37,0,1
BRDA:226,37,1,2
BRDA:230,38,0,1
BRDA:230,38,1,1
BRDA:239,39,0,1
BRDA:239,39,1,5
BRDA:243,40,0,1
BRDA:243,40,1,4
BRDA:247,41,0,2
BRDA:247,41,1,2
BRDA:251,42,0,1
BRDA:251,42,1,1
BRDA:260,43,0,1
BRDA:260,43,1,4
BRDA:264,44,0,1
BRDA:264,44,1,3
BRDA:264,45,0,4
BRDA:264,45,1,1
BRDA:268,46,0,1
BRDA:268,46,1,2
BRDA:268,47,0,3
BRDA:268,47,1,1
BRDA:272,48,0,1
BRDA:272,48,1,1
BRDA:272,49,0,2
BRDA:272,49,1,1
BRDA:281,50,0,1
BRDA:281,50,1,2
BRDA:281,51,0,3
BRDA:281,51,1,3
BRDA:297,52,0,1
BRDA:297,52,1,1
BRDA:297,53,0,2
BRDA:297,53,1,2
BRDA:317,54,0,1
BRDA:317,54,1,2
BRDA:319,55,0,1
BRDA:319,55,1,1
BRDA:327,56,0,1
BRDA:327,56,1,5
BRDA:331,57,0,1
BRDA:331,57,1,4
BRDA:335,58,0,1
BRDA:335,58,1,3
BRDA:339,59,0,2
BRDA:339,59,1,1
BRDA:348,60,0,1
BRDA:348,60,1,1
BRF:130
BRH:130
end_of_record
TN:
SF:src\anagram.js
FN:1,(anonymous_0)
FN:5,formatStr
FNF:2
FNH:2
FNDA:2,(anonymous_0)
FNDA:4,formatStr
DA:1,1
DA:2,2
DA:6,4
DA:9,1
LF:4
LH:4
BRF:0
BRH:0
end_of_record
TN:
SF:src\banco.js
FN:2,(anonymous_0)
FN:9,(anonymous_1)
FN:16,(anonymous_2)
FN:26,(anonymous_3)
FN:33,(anonymous_4)
FN:38,(anonymous_5)
FN:43,(anonymous_6)
FN:48,(anonymous_7)
FN:56,(anonymous_8)
FN:64,(anonymous_9)
FN:71,(anonymous_10)
FN:73,(anonymous_11)
FN:74,(anonymous_12)
FNF:13
FNH:13
FNDA:9,(anonymous_0)
FNDA:4,(anonymous_1)
FNDA:4,(anonymous_2)
FNDA:1,(anonymous_3)
FNDA:2,(anonymous_4)
FNDA:5,(anonymous_5)
FNDA:1,(anonymous_6)
FNDA:2,(anonymous_7)
FNDA:2,(anonymous_8)
FNDA:1,(anonymous_9)
FNDA:1,(anonymous_10)
FNDA:3,(anonymous_11)
FNDA:2,(anonymous_12)
DA:3,9
DA:4,9
DA:5,9
DA:10,4
DA:11,4
DA:12,4
DA:17,4
DA:18,1
DA:20,3
DA:21,3
DA:22,3
DA:27,1
DA:28,1
DA:29,1
DA:34,2
DA:39,5
DA:44,1
DA:49,2
DA:50,1
DA:52,1
DA:57,2
DA:58,2
DA:59,2
DA:60,2
DA:65,1
DA:66,1
DA:67,1
DA:72,1
DA:73,3
DA:74,2
DA:79,1
LF:31
LH:31
BRDA:2,0,0,0
BRDA:17,1,0,1
BRDA:17,1,1,3
BRDA:49,2,0,1
BRDA:49,2,1,1
BRF:5
BRH:4
end_of_record
TN:
SF:src\calculator.js
FN:1,(anonymous_0)
FN:5,(anonymous_1)
FN:9,(anonymous_2)
FN:13,(anonymous_3)
FNF:4
FNH:4
FNDA:1,(anonymous_0)
FNDA:1,(anonymous_1)
FNDA:1,(anonymous_2)
FNDA:1,(anonymous_3)
DA:1,1
DA:2,1
DA:5,1
DA:6,1
DA:9,1
DA:10,1
DA:13,1
DA:14,1
DA:17,1
LF:9
LH:9
BRF:0
BRH:0
end_of_record
TN:
SF:src\carro.js
FN:2,(anonymous_0)
FN:9,(anonymous_1)
FN:15,(anonymous_2)
FNF:3
FNH:3
FNDA:4,(anonymous_0)
FNDA:4,(anonymous_1)
FNDA:1,(anonymous_2)
DA:3,4
DA:4,4
DA:5,4
DA:6,4
DA:10,4
DA:11,2
DA:16,1
DA:20,1
LF:8
LH:8
BRDA:10,0,0,2
BRDA:10,0,1,2
BRF:2
BRH:2
end_of_record
TN:
SF:src\cnh.js
FN:1,(anonymous_0)
FNF:1
FNH:1
FNDA:2,(anonymous_0)
DA:1,1
DA:2,2
DA:5,1
LF:3
LH:3
BRF:0
BRH:0
end_of_record
TN:
SF:src\contaBancaria.js
FN:2,(anonymous_0)
FN:6,(anonymous_1)
FN:10,(anonymous_2)
FN:14,(anonymous_3)
FN:18,(anonymous_4)
FN:22,(anonymous_5)
FN:26,(anonymous_6)
FN:34,(anonymous_7)
FN:46,(anonymous_8)
FN:53,(anonymous_9)
FN:60,(anonymous_10)
FN:67,(anonymous_11)
FN:74,(anonymous_12)
FN:79,(anonymous_13)
FN:86,(anonymous_14)
FN:93,(anonymous_15)
FN:97,(anonymous_16)
FN:107,(anonymous_17)
FN:111,(anonymous_18)
FN:121,(anonymous_19)
FN:133,(anonymous_20)
FNF:21
FNH:21
FNDA:14,(anonymous_0)
FNDA:5,(anonymous_1)
FNDA:2,(anonymous_2)
FNDA:3,(anonymous_3)
FNDA:1,(anonymous_4)
FNDA:2,(anonymous_5)
FNDA:2,(anonymous_6)
FNDA:6,(anonymous_7)
FNDA:2,(anonymous_8)
FNDA:2,(anonymous_9)
FNDA:2,(anonymous_10)
FNDA:2,(anonymous_11)
FNDA:4,(anonymous_12)
FNDA:2,(anonymous_13)
FNDA:2,(anonymous_14)
FNDA:1,(anonymous_15)
FNDA:2,(anonymous_16)
FNDA:2,(anonymous_17)
FNDA:1,(anonymous_18)
FNDA:3,(anonymous_19)
FNDA:1,(anonymous_20)
DA:3,14
DA:7,5
DA:11,2
DA:15,3
DA:19,1
DA:23,2
DA:27,2
DA:29,1
DA:30,1
DA:31,1
DA:35,6
DA:37,5
DA:39,5
DA:41,4
DA:42,4
DA:43,4
DA:47,2
DA:49,1
DA:50,1
DA:54,2
DA:56,1
DA:57,1
DA:61,2
DA:63,1
DA:64,1
DA:68,2
DA:70,1
DA:71,1
DA:75,4
DA:76,4
DA:80,2
DA:82,1
DA:83,1
DA:87,2
DA:89,1
DA:90,1
DA:94,1
DA:98,2
DA:100,1
DA:101,1
DA:103,1
DA:104,1
DA:108,2
DA:112,1
DA:122,3
DA:123,2
DA:124,2
DA:125,2
DA:126,2
DA:127,1
DA:130,1
DA:134,1
DA:135,1
DA:136,1
DA:137,1
DA:141,1
LF:56
LH:56
BRDA:27,0,0,1
BRDA:27,0,1,1
BRDA:35,1,0,1
BRDA:35,1,1,5
BRDA:39,2,0,1
BRDA:39,2,1,4
BRDA:47,3,0,1
BRDA:47,3,1,1
BRDA:54,4,0,1
BRDA:54,4,1,1
BRDA:61,5,0,1
BRDA:61,5,1,1
BRDA:68,6,0,1
BRDA:68,6,1,1
BRDA:76,7,0,4
BRDA:76,7,1,4
BRDA:80,8,0,1
BRDA:80,8,1,1
BRDA:87,9,0,1
BRDA:87,9,1,1
BRDA:98,10,0,1
BRDA:98,10,1,1
BRDA:101,11,0,0
BRDA:101,11,1,1
BRDA:122,12,0,1
BRDA:122,12,1,2
BRDA:123,13,0,0
BRDA:123,13,1,2
BRDA:124,14,0,0
BRDA:124,14,1,2
BRDA:125,15,0,0
BRDA:125,15,1,2
BRDA:126,16,0,1
BRDA:126,16,1,1
BRF:34
BRH:30
end_of_record
TN:
SF:src\lista.js
FN:2,(anonymous_0)
FN:6,(anonymous_1)
FN:10,(anonymous_2)
FN:18,(anonymous_3)
FNF:4
FNH:4
FNDA:3,(anonymous_0)
FNDA:3,(anonymous_1)
FNDA:2,(anonymous_2)
FNDA:2,(anonymous_3)
DA:3,3
DA:7,3
DA:11,2
DA:12,2
DA:13,1
DA:15,1
DA:19,2
DA:23,1
LF:8
LH:8
BRDA:12,0,0,1
BRDA:12,0,1,1
BRF:2
BRH:2
end_of_record
TN:
SF:src\pessoa.js
FN:2,(anonymous_0)
FN:7,(anonymous_1)
FN:11,(anonymous_2)
FNF:3
FNH:3
FNDA:4,(anonymous_0)
FNDA:2,(anonymous_1)
FNDA:2,(anonymous_2)
DA:3,4
DA:4,4
DA:8,2
DA:12,2
DA:16,1
LF:5
LH:5
BRF:0
BRH:0
end_of_record
TN:
SF:src\textoUtils.js
FN:3,(anonymous_0)
FN:8,(anonymous_1)
FN:14,(anonymous_2)
FN:17,(anonymous_3)
FN:26,(anonymous_4)
FN:32,(anonymous_5)
FN:37,(anonymous_6)
FN:48,(anonymous_7)
FN:57,(anonymous_8)
FN:63,(anonymous_9)
FN:68,(anonymous_10)
FNF:11
FNH:0
FNDA:0,(anonymous_0)
FNDA:0,(anonymous_1)
FNDA:0,(anonymous_2)
FNDA:0,(anonymous_3)
FNDA:0,(anonymous_4)
FNDA:0,(anonymous_5)
FNDA:0,(anonymous_6)
FNDA:0,(anonymous_7)
FNDA:0,(anonymous_8)
FNDA:0,(anonymous_9)
FNDA:0,(anonymous_10)
DA:4,0
DA:9,0
DA:10,0
DA:15,0
DA:18,0
DA:27,0
DA:28,0
DA:33,0
DA:38,0
DA:49,0
DA:50,0
DA:52,0
DA:53,0
DA:58,0
DA:59,0
DA:64,0
DA:69,0
DA:70,0
DA:72,0
DA:76,0
LF:20
LH:0
BRDA:18,0,0,0
BRDA:18,0,1,0
BRDA:27,1,0,0
BRDA:27,1,1,0
BRDA:49,2,0,0
BRDA:49,2,1,0
BRDA:52,3,0,0
BRDA:52,3,1,0
BRDA:69,4,0,0
BRDA:69,4,1,0
BRF:10
BRH:0
end_of_record
TN:
SF:src\userService.js
FN:2,(anonymous_0)
FN:6,(anonymous_1)
FNF:2
FNH:2
FNDA:2,(anonymous_0)
FNDA:2,(anonymous_1)
DA:3,2
DA:7,2
DA:8,2
DA:9,1
DA:11,1
DA:15,1
LF:6
LH:6
BRDA:8,0,0,1
BRDA:8,0,1,1
BRF:2
BRH:2
end_of_record
TN:
SF:src\utilitarios.js
FN:2,(anonymous_0)
FN:6,(anonymous_1)
FN:10,(anonymous_2)
FN:14,(anonymous_3)
FN:18,(anonymous_4)
FN:22,(anonymous_5)
FN:26,(anonymous_6)
FN:30,(anonymous_7)
FN:34,(anonymous_8)
FN:39,(anonymous_9)
FN:43,(anonymous_10)
FN:47,(anonymous_11)
FN:51,(anonymous_12)
FN:55,(anonymous_13)
FN:59,(anonymous_14)
FN:63,(anonymous_15)
FN:67,(anonymous_16)
FN:71,(anonymous_17)
FN:75,(anonymous_18)
FN:79,(anonymous_19)
FN:83,(anonymous_20)
FN:87,(anonymous_21)
FN:89,(anonymous_22)
FN:92,(anonymous_23)
FN:96,(anonymous_24)
FN:101,(anonymous_25)
FNF:26
FNH:26
FNDA:1,(anonymous_0)
FNDA:1,(anonymous_1)
FNDA:1,(anonymous_2)
FNDA:1,(anonymous_3)
FNDA:1,(anonymous_4)
FNDA:1,(anonymous_5)
FNDA:1,(anonymous_6)
FNDA:1,(anonymous_7)
FNDA:2,(anonymous_8)
FNDA:2,(anonymous_9)
FNDA:1,(anonymous_10)
FNDA:1,(anonymous_11)
FNDA:1,(anonymous_12)
FNDA:1,(anonymous_13)
FNDA:1,(anonymous_14)
FNDA:1,(anonymous_15)
FNDA:2,(anonymous_16)
FNDA:1,(anonymous_17)
FNDA:1,(anonymous_18)
FNDA:2,(anonymous_19)
FNDA:1,(anonymous_20)
FNDA:2,(anonymous_21)
FNDA:3,(anonymous_22)
FNDA:1,(anonymous_23)
FNDA:1,(anonymous_24)
FNDA:1,(anonymous_25)
DA:3,1
DA:7,1
DA:11,1
DA:15,1
DA:19,1
DA:23,1
DA:27,1
DA:31,1
DA:35,2
DA:36,1
DA:40,2
DA:44,1
DA:48,1
DA:52,1
DA:56,1
DA:60,1
DA:64,1
DA:68,2
DA:72,1
DA:76,1
DA:80,2
DA:84,1
DA:88,2
DA:89,3
DA:93,1
DA:97,1
DA:98,1
DA:102,1
DA:106,1
LF:29
LH:29
BRDA:35,0,0,1
BRDA:35,0,1,1
BRDA:63,1,0,0
BRDA:68,2,0,2
BRDA:68,2,1,2
BRDA:79,3,0,1
BRDA:88,4,0,1
BRDA:88,4,1,1
BRF:8
BRH:7
end_of_record
